<?xml version="1.0" encoding="UTF-8"?>
<!-- Generated by org.testng.reporters.JUnitXMLReporter -->
<testsuite ignored="0" hostname="DESKTOP-LAGUD7Q" failures="0" tests="4" name="Test" time="56.025" errors="0" timestamp="2022-12-05T19:08:54 IST">
  <testcase classname="com.testscenarios.Testcase_27_LoginByMethod_Submit" name="LoginMethod_1_Submit" time="17.402"/>
  <testcase classname="com.testscenarios.Testcase_27_LoginByMethod_ValidCrendiatials" name="LoginMethod_1_VaildLogin" time="12.543"/>
  <testcase classname="com.testscenarios.Testcase_27_LoginByMethod_InvalidEmailID" name="LoginMethod_1_VaildLogin" time="12.721"/>
  <testcase classname="com.testscenarios.Testcase_27_LoginByMethod_InvalidPassword" name="LoginMethod_1_VaildLogin" time="12.824"/>
</testsuite> <!-- Test -->
