<?xml version="1.0" encoding="UTF-8"?>
<!-- Generated by org.testng.reporters.JUnitReportReporter -->
<testsuite hostname="DESKTOP-LAGUD7Q" failures="0" tests="1" name="com.testscenarios.Testcase_27_LoginByMethod_InvalidEmailID" time="12.721" errors="0" timestamp="2022-12-05T19:08:54 IST" skipped="0">
  <testcase classname="com.testscenarios.Testcase_27_LoginByMethod_InvalidEmailID" name="LoginMethod_1_VaildLogin" time="12.721"/>
  <system-out/>
</testsuite> <!-- com.testscenarios.Testcase_27_LoginByMethod_InvalidEmailID -->
